app/build/outputs/logs/manifest-merger-debug-report.txt
-- Merging decision tree log ---
manifest
ADDED from AndroidManifest.xml:2:1
	package
		ADDED from AndroidManifest.xml:4:5
		INJECTED from AndroidManifest.xml:0:0
		INJECTED from AndroidManifest.xml:0:0
	android:versionName
		ADDED from AndroidManifest.xml:6:5
	xmlns:tools
		ADDED from AndroidManifest.xml:3:5
	android:versionCode
		ADDED from AndroidManifest.xml:5:5
		INJECTED from AndroidManifest.xml:0:0
		INJECTED from AndroidManifest.xml:0:0
	xmlns:android
		ADDED from AndroidManifest.xml:2:11
uses-sdk
ADDED from AndroidManifest.xml:8:5
MERGED from com.android.support:appcompat-v7:22.2.0:20:5
MERGED from com.android.support:support-v4:22.2.0:20:5
MERGED from com.awareframework:aware-core:3.5.5:7:5
MERGED from com.google.android.gms:play-services:7.5.0:18:5
MERGED from com.google.android.gms:play-services-ads:7.5.0:23:5
MERGED from com.google.android.gms:play-services-base:7.5.0:18:5
MERGED from com.android.support:support-v4:22.2.0:20:5
MERGED from com.google.android.gms:play-services-analytics:7.5.0:18:5
MERGED from com.google.android.gms:play-services-base:7.5.0:18:5
MERGED from com.android.support:support-v4:22.2.0:20:5
MERGED from com.google.android.gms:play-services-analytics:7.5.0:18:5
MERGED from com.google.android.gms:play-services-base:7.5.0:18:5
MERGED from com.android.support:support-v4:22.2.0:20:5
MERGED from com.google.android.gms:play-services-appindexing:7.5.0:18:5
MERGED from com.google.android.gms:play-services-base:7.5.0:18:5
MERGED from com.android.support:support-v4:22.2.0:20:5
MERGED from com.google.android.gms:play-services-appinvite:7.5.0:18:5
MERGED from com.google.android.gms:play-services-base:7.5.0:18:5
MERGED from com.android.support:support-v4:22.2.0:20:5
MERGED from com.google.android.gms:play-services-appstate:7.5.0:18:5
MERGED from com.google.android.gms:play-services-base:7.5.0:18:5
MERGED from com.android.support:support-v4:22.2.0:20:5
MERGED from com.google.android.gms:play-services-base:7.5.0:18:5
MERGED from com.android.support:support-v4:22.2.0:20:5
MERGED from com.google.android.gms:play-services-cast:7.5.0:18:5
MERGED from com.google.android.gms:play-services-base:7.5.0:18:5
MERGED from com.android.support:support-v4:22.2.0:20:5
MERGED from com.android.support:mediarouter-v7:22.0.0:20:5
MERGED from com.android.support:appcompat-v7:22.2.0:20:5
MERGED from com.android.support:support-v4:22.2.0:20:5
MERGED from com.google.android.gms:play-services-drive:7.5.0:18:5
MERGED from com.google.android.gms:play-services-base:7.5.0:18:5
MERGED from com.android.support:support-v4:22.2.0:20:5
MERGED from com.google.android.gms:play-services-fitness:7.5.0:18:5
MERGED from com.google.android.gms:play-services-base:7.5.0:18:5
MERGED from com.android.support:support-v4:22.2.0:20:5
MERGED from com.google.android.gms:play-services-location:7.5.0:18:5
MERGED from com.google.android.gms:play-services-base:7.5.0:18:5
MERGED from com.android.support:support-v4:22.2.0:20:5
MERGED from com.google.android.gms:play-services-maps:7.5.0:28:5
MERGED from com.google.android.gms:play-services-base:7.5.0:18:5
MERGED from com.android.support:support-v4:22.2.0:20:5
MERGED from com.google.android.gms:play-services-games:7.5.0:18:5
MERGED from com.google.android.gms:play-services-base:7.5.0:18:5
MERGED from com.android.support:support-v4:22.2.0:20:5
MERGED from com.google.android.gms:play-services-drive:7.5.0:18:5
MERGED from com.google.android.gms:play-services-base:7.5.0:18:5
MERGED from com.android.support:support-v4:22.2.0:20:5
MERGED from com.google.android.gms:play-services-gcm:7.5.0:18:5
MERGED from com.google.android.gms:play-services-base:7.5.0:18:5
MERGED from com.android.support:support-v4:22.2.0:20:5
MERGED from com.google.android.gms:play-services-identity:7.5.0:18:5
MERGED from com.google.android.gms:play-services-base:7.5.0:18:5
MERGED from com.android.support:support-v4:22.2.0:20:5
MERGED from com.google.android.gms:play-services-location:7.5.0:18:5
MERGED from com.google.android.gms:play-services-base:7.5.0:18:5
MERGED from com.android.support:support-v4:22.2.0:20:5
MERGED from com.google.android.gms:play-services-maps:7.5.0:28:5
MERGED from com.google.android.gms:play-services-base:7.5.0:18:5
MERGED from com.android.support:support-v4:22.2.0:20:5
MERGED from com.google.android.gms:play-services-maps:7.5.0:28:5
MERGED from com.google.android.gms:play-services-base:7.5.0:18:5
MERGED from com.android.support:support-v4:22.2.0:20:5
MERGED from com.google.android.gms:play-services-nearby:7.5.0:18:5
MERGED from com.google.android.gms:play-services-base:7.5.0:18:5
MERGED from com.android.support:support-v4:22.2.0:20:5
MERGED from com.google.android.gms:play-services-panorama:7.5.0:18:5
MERGED from com.google.android.gms:play-services-base:7.5.0:18:5
MERGED from com.android.support:support-v4:22.2.0:20:5
MERGED from com.google.android.gms:play-services-plus:7.5.0:18:5
MERGED from com.google.android.gms:play-services-base:7.5.0:18:5
MERGED from com.android.support:support-v4:22.2.0:20:5
MERGED from com.google.android.gms:play-services-safetynet:7.5.0:18:5
MERGED from com.google.android.gms:play-services-base:7.5.0:18:5
MERGED from com.android.support:support-v4:22.2.0:20:5
MERGED from com.google.android.gms:play-services-wallet:7.5.0:19:5
MERGED from com.google.android.gms:play-services-base:7.5.0:18:5
MERGED from com.android.support:support-v4:22.2.0:20:5
MERGED from com.google.android.gms:play-services-identity:7.5.0:18:5
MERGED from com.google.android.gms:play-services-base:7.5.0:18:5
MERGED from com.android.support:support-v4:22.2.0:20:5
MERGED from com.google.android.gms:play-services-maps:7.5.0:28:5
MERGED from com.google.android.gms:play-services-base:7.5.0:18:5
MERGED from com.android.support:support-v4:22.2.0:20:5
MERGED from com.google.android.gms:play-services-wearable:7.5.0:18:5
MERGED from com.google.android.gms:play-services-base:7.5.0:18:5
MERGED from com.android.support:support-v4:22.2.0:20:5
MERGED from com.android.support:cardview-v7:22.2.0:20:5
	android:targetSdkVersion
		ADDED from AndroidManifest.xml:10:9
		INJECTED from AndroidManifest.xml:0:0
		INJECTED from AndroidManifest.xml:0:0
	android:minSdkVersion
		ADDED from AndroidManifest.xml:9:9
		INJECTED from AndroidManifest.xml:0:0
		INJECTED from AndroidManifest.xml:0:0
uses-permission#android.permission.BLUETOOTH
ADDED from AndroidManifest.xml:12:5
	android:name
		ADDED from AndroidManifest.xml:12:22
uses-permission#com.microsoft.band.service.access.BIND_BAND_SERVICE
ADDED from AndroidManifest.xml:13:5
	android:name
		ADDED from AndroidManifest.xml:13:22
uses-permission#android.permission.WRITE_EXTERNAL_STORAGE
ADDED from AndroidManifest.xml:14:5
MERGED from com.awareframework:aware-core:3.5.5:48:5
MERGED from com.google.android.gms:play-services-maps:7.5.0:22:5
MERGED from com.google.android.gms:play-services-maps:7.5.0:22:5
MERGED from com.google.android.gms:play-services-maps:7.5.0:22:5
MERGED from com.google.android.gms:play-services-maps:7.5.0:22:5
	android:name
		ADDED from AndroidManifest.xml:14:22
uses-permission#android.permission.RECEIVE_BOOT_COMPLETED
ADDED from AndroidManifest.xml:15:5
	android:name
		ADDED from AndroidManifest.xml:15:22
uses-permission#android.permission.READ_CALENDAR
ADDED from AndroidManifest.xml:17:5
	android:name
		ADDED from AndroidManifest.xml:17:22
uses-permission#android.permission.WRITE_CALENDAR
ADDED from AndroidManifest.xml:18:5
	android:name
		ADDED from AndroidManifest.xml:18:22
application
ADDED from AndroidManifest.xml:21:5
MERGED from com.android.support:appcompat-v7:22.2.0:22:5
MERGED from com.android.support:support-v4:22.2.0:22:5
MERGED from com.awareframework:aware-core:3.5.5:53:5
MERGED from com.google.android.gms:play-services:7.5.0:19:5
MERGED from com.google.android.gms:play-services-ads:7.5.0:24:5
MERGED from com.google.android.gms:play-services-base:7.5.0:20:5
MERGED from com.android.support:support-v4:22.2.0:22:5
MERGED from com.google.android.gms:play-services-analytics:7.5.0:24:5
MERGED from com.google.android.gms:play-services-base:7.5.0:20:5
MERGED from com.android.support:support-v4:22.2.0:22:5
MERGED from com.google.android.gms:play-services-analytics:7.5.0:24:5
MERGED from com.google.android.gms:play-services-base:7.5.0:20:5
MERGED from com.android.support:support-v4:22.2.0:22:5
MERGED from com.google.android.gms:play-services-appindexing:7.5.0:19:5
MERGED from com.google.android.gms:play-services-base:7.5.0:20:5
MERGED from com.android.support:support-v4:22.2.0:22:5
MERGED from com.google.android.gms:play-services-appinvite:7.5.0:20:5
MERGED from com.google.android.gms:play-services-base:7.5.0:20:5
MERGED from com.android.support:support-v4:22.2.0:22:5
MERGED from com.google.android.gms:play-services-appstate:7.5.0:19:5
MERGED from com.google.android.gms:play-services-base:7.5.0:20:5
MERGED from com.android.support:support-v4:22.2.0:22:5
MERGED from com.google.android.gms:play-services-base:7.5.0:20:5
MERGED from com.android.support:support-v4:22.2.0:22:5
MERGED from com.google.android.gms:play-services-cast:7.5.0:19:5
MERGED from com.google.android.gms:play-services-base:7.5.0:20:5
MERGED from com.android.support:support-v4:22.2.0:22:5
MERGED from com.android.support:mediarouter-v7:22.0.0:22:5
MERGED from com.android.support:appcompat-v7:22.2.0:22:5
MERGED from com.android.support:support-v4:22.2.0:22:5
MERGED from com.google.android.gms:play-services-drive:7.5.0:19:5
MERGED from com.google.android.gms:play-services-base:7.5.0:20:5
MERGED from com.android.support:support-v4:22.2.0:22:5
MERGED from com.google.android.gms:play-services-fitness:7.5.0:19:5
MERGED from com.google.android.gms:play-services-base:7.5.0:20:5
MERGED from com.android.support:support-v4:22.2.0:22:5
MERGED from com.google.android.gms:play-services-location:7.5.0:19:5
MERGED from com.google.android.gms:play-services-base:7.5.0:20:5
MERGED from com.android.support:support-v4:22.2.0:22:5
MERGED from com.google.android.gms:play-services-maps:7.5.0:29:5
MERGED from com.google.android.gms:play-services-base:7.5.0:20:5
MERGED from com.android.support:support-v4:22.2.0:22:5
MERGED from com.google.android.gms:play-services-games:7.5.0:19:5
MERGED from com.google.android.gms:play-services-base:7.5.0:20:5
MERGED from com.android.support:support-v4:22.2.0:22:5
MERGED from com.google.android.gms:play-services-drive:7.5.0:19:5
MERGED from com.google.android.gms:play-services-base:7.5.0:20:5
MERGED from com.android.support:support-v4:22.2.0:22:5
MERGED from com.google.android.gms:play-services-gcm:7.5.0:19:5
MERGED from com.google.android.gms:play-services-base:7.5.0:20:5
MERGED from com.android.support:support-v4:22.2.0:22:5
MERGED from com.google.android.gms:play-services-identity:7.5.0:19:5
MERGED from com.google.android.gms:play-services-base:7.5.0:20:5
MERGED from com.android.support:support-v4:22.2.0:22:5
MERGED from com.google.android.gms:play-services-location:7.5.0:19:5
MERGED from com.google.android.gms:play-services-base:7.5.0:20:5
MERGED from com.android.support:support-v4:22.2.0:22:5
MERGED from com.google.android.gms:play-services-maps:7.5.0:29:5
MERGED from com.google.android.gms:play-services-base:7.5.0:20:5
MERGED from com.android.support:support-v4:22.2.0:22:5
MERGED from com.google.android.gms:play-services-maps:7.5.0:29:5
MERGED from com.google.android.gms:play-services-base:7.5.0:20:5
MERGED from com.android.support:support-v4:22.2.0:22:5
MERGED from com.google.android.gms:play-services-nearby:7.5.0:20:5
MERGED from com.google.android.gms:play-services-base:7.5.0:20:5
MERGED from com.android.support:support-v4:22.2.0:22:5
MERGED from com.google.android.gms:play-services-panorama:7.5.0:19:5
MERGED from com.google.android.gms:play-services-base:7.5.0:20:5
MERGED from com.android.support:support-v4:22.2.0:22:5
MERGED from com.google.android.gms:play-services-plus:7.5.0:19:5
MERGED from com.google.android.gms:play-services-base:7.5.0:20:5
MERGED from com.android.support:support-v4:22.2.0:22:5
MERGED from com.google.android.gms:play-services-safetynet:7.5.0:19:5
MERGED from com.google.android.gms:play-services-base:7.5.0:20:5
MERGED from com.android.support:support-v4:22.2.0:22:5
MERGED from com.google.android.gms:play-services-wallet:7.5.0:24:5
MERGED from com.google.android.gms:play-services-base:7.5.0:20:5
MERGED from com.android.support:support-v4:22.2.0:22:5
MERGED from com.google.android.gms:play-services-identity:7.5.0:19:5
MERGED from com.google.android.gms:play-services-base:7.5.0:20:5
MERGED from com.android.support:support-v4:22.2.0:22:5
MERGED from com.google.android.gms:play-services-maps:7.5.0:29:5
MERGED from com.google.android.gms:play-services-base:7.5.0:20:5
MERGED from com.android.support:support-v4:22.2.0:22:5
MERGED from com.google.android.gms:play-services-wearable:7.5.0:19:5
MERGED from com.google.android.gms:play-services-base:7.5.0:20:5
MERGED from com.android.support:support-v4:22.2.0:22:5
MERGED from com.android.support:cardview-v7:22.2.0:22:5
	android:label
		ADDED from AndroidManifest.xml:24:9
	android:allowBackup
		ADDED from AndroidManifest.xml:22:9
	android:icon
		ADDED from AndroidManifest.xml:23:9
		REJECTED from com.awareframework:aware-core:3.5.5:54:9
	android:theme
		ADDED from AndroidManifest.xml:25:9
		REJECTED from com.awareframework:aware-core:3.5.5:56:9
	tools:replace
		ADDED from AndroidManifest.xml:26:9
activity#com.microsoft.band.sdk.sampleapp.MainActivity
ADDED from AndroidManifest.xml:27:9
	android:screenOrientation
		ADDED from AndroidManifest.xml:29:13
	android:label
		ADDED from AndroidManifest.xml:30:13
	android:name
		ADDED from AndroidManifest.xml:28:13
intent-filter#android.intent.action.MAIN+android.intent.category.LAUNCHER
ADDED from AndroidManifest.xml:31:13
action#android.intent.action.MAIN
ADDED from AndroidManifest.xml:32:17
	android:name
		ADDED from AndroidManifest.xml:32:25
category#android.intent.category.LAUNCHER
ADDED from AndroidManifest.xml:34:17
	android:name
		ADDED from AndroidManifest.xml:34:27
service#com.microsoft.band.sdk.sampleapp.BandStreamingAppActivity
ADDED from AndroidManifest.xml:37:9
	android:exported
		ADDED from AndroidManifest.xml:37:91
	android:name
		ADDED from AndroidManifest.xml:37:18
provider#com.microsoft.band.sdk.sampleapp.bandProvider
ADDED from AndroidManifest.xml:39:9
	android:readPermission
		ADDED from AndroidManifest.xml:43:13
	android:authorities
		ADDED from AndroidManifest.xml:41:13
		INJECTED from AndroidManifest.xml:0:0
	android:exported
		ADDED from AndroidManifest.xml:42:13
	android:name
		ADDED from AndroidManifest.xml:40:13
	android:writePermission
		ADDED from AndroidManifest.xml:44:13
provider#com.aware.providers.Bluetooth_Provider
ADDED from AndroidManifest.xml:48:9
	android:readPermission
		ADDED from AndroidManifest.xml:52:13
	android:authorities
		ADDED from AndroidManifest.xml:50:13
		INJECTED from AndroidManifest.xml:0:0
	android:exported
		ADDED from AndroidManifest.xml:51:13
	android:name
		ADDED from AndroidManifest.xml:49:13
	android:writePermission
		ADDED from AndroidManifest.xml:53:13
provider#com.aware.providers.Applications_Provider
ADDED from AndroidManifest.xml:56:9
	android:readPermission
		ADDED from AndroidManifest.xml:60:13
	android:authorities
		ADDED from AndroidManifest.xml:58:13
		INJECTED from AndroidManifest.xml:0:0
	android:exported
		ADDED from AndroidManifest.xml:59:13
	android:name
		ADDED from AndroidManifest.xml:57:13
	android:writePermission
		ADDED from AndroidManifest.xml:61:13
provider#com.aware.providers.Locations_Provider
ADDED from AndroidManifest.xml:64:9
	android:readPermission
		ADDED from AndroidManifest.xml:68:13
	android:authorities
		ADDED from AndroidManifest.xml:66:13
		INJECTED from AndroidManifest.xml:0:0
	android:exported
		ADDED from AndroidManifest.xml:67:13
	android:name
		ADDED from AndroidManifest.xml:65:13
	android:writePermission
		ADDED from AndroidManifest.xml:69:13
provider#com.aware.providers.Installations_Provider
ADDED from AndroidManifest.xml:72:9
	android:readPermission
		ADDED from AndroidManifest.xml:76:13
	android:authorities
		ADDED from AndroidManifest.xml:74:13
		INJECTED from AndroidManifest.xml:0:0
	android:exported
		ADDED from AndroidManifest.xml:75:13
	android:name
		ADDED from AndroidManifest.xml:73:13
	android:writePermission
		ADDED from AndroidManifest.xml:77:13
provider#com.aware.providers.ESM_Provider
ADDED from AndroidManifest.xml:80:9
	android:readPermission
		ADDED from AndroidManifest.xml:84:13
	android:authorities
		ADDED from AndroidManifest.xml:82:13
		INJECTED from AndroidManifest.xml:0:0
	android:exported
		ADDED from AndroidManifest.xml:83:13
	android:name
		ADDED from AndroidManifest.xml:81:13
	android:writePermission
		ADDED from AndroidManifest.xml:85:13
provider#com.aware.providers.Temperature_Provider
ADDED from AndroidManifest.xml:88:9
	android:readPermission
		ADDED from AndroidManifest.xml:92:13
	android:authorities
		ADDED from AndroidManifest.xml:90:13
		INJECTED from AndroidManifest.xml:0:0
	android:exported
		ADDED from AndroidManifest.xml:91:13
	android:name
		ADDED from AndroidManifest.xml:89:13
	android:writePermission
		ADDED from AndroidManifest.xml:93:13
provider#com.aware.providers.Linear_Accelerometer_Provider
ADDED from AndroidManifest.xml:96:9
	android:readPermission
		ADDED from AndroidManifest.xml:100:13
	android:authorities
		ADDED from AndroidManifest.xml:98:13
		INJECTED from AndroidManifest.xml:0:0
	android:exported
		ADDED from AndroidManifest.xml:99:13
	android:name
		ADDED from AndroidManifest.xml:97:13
	android:writePermission
		ADDED from AndroidManifest.xml:101:13
provider#com.aware.providers.Gravity_Provider
ADDED from AndroidManifest.xml:104:9
	android:readPermission
		ADDED from AndroidManifest.xml:108:13
	android:authorities
		ADDED from AndroidManifest.xml:106:13
		INJECTED from AndroidManifest.xml:0:0
	android:exported
		ADDED from AndroidManifest.xml:107:13
	android:name
		ADDED from AndroidManifest.xml:105:13
	android:writePermission
		ADDED from AndroidManifest.xml:109:13
provider#com.aware.providers.Barometer_Provider
ADDED from AndroidManifest.xml:112:9
	android:readPermission
		ADDED from AndroidManifest.xml:116:13
	android:authorities
		ADDED from AndroidManifest.xml:114:13
		INJECTED from AndroidManifest.xml:0:0
	android:exported
		ADDED from AndroidManifest.xml:115:13
	android:name
		ADDED from AndroidManifest.xml:113:13
	android:writePermission
		ADDED from AndroidManifest.xml:117:13
provider#com.aware.providers.Magnetometer_Provider
ADDED from AndroidManifest.xml:120:9
	android:readPermission
		ADDED from AndroidManifest.xml:124:13
	android:authorities
		ADDED from AndroidManifest.xml:122:13
		INJECTED from AndroidManifest.xml:0:0
	android:exported
		ADDED from AndroidManifest.xml:123:13
	android:name
		ADDED from AndroidManifest.xml:121:13
	android:writePermission
		ADDED from AndroidManifest.xml:125:13
provider#com.aware.providers.Proximity_Provider
ADDED from AndroidManifest.xml:128:9
	android:readPermission
		ADDED from AndroidManifest.xml:132:13
	android:authorities
		ADDED from AndroidManifest.xml:130:13
		INJECTED from AndroidManifest.xml:0:0
	android:exported
		ADDED from AndroidManifest.xml:131:13
	android:name
		ADDED from AndroidManifest.xml:129:13
	android:writePermission
		ADDED from AndroidManifest.xml:133:13
provider#com.aware.providers.Light_Provider
ADDED from AndroidManifest.xml:136:9
	android:readPermission
		ADDED from AndroidManifest.xml:140:13
	android:authorities
		ADDED from AndroidManifest.xml:138:13
		INJECTED from AndroidManifest.xml:0:0
	android:exported
		ADDED from AndroidManifest.xml:139:13
	android:name
		ADDED from AndroidManifest.xml:137:13
	android:writePermission
		ADDED from AndroidManifest.xml:141:13
provider#com.aware.providers.Telephony_Provider
ADDED from AndroidManifest.xml:144:9
	android:readPermission
		ADDED from AndroidManifest.xml:148:13
	android:authorities
		ADDED from AndroidManifest.xml:146:13
		INJECTED from AndroidManifest.xml:0:0
	android:exported
		ADDED from AndroidManifest.xml:147:13
	android:name
		ADDED from AndroidManifest.xml:145:13
	android:writePermission
		ADDED from AndroidManifest.xml:149:13
provider#com.aware.providers.Aware_Provider
ADDED from AndroidManifest.xml:152:9
	android:readPermission
		ADDED from AndroidManifest.xml:156:13
	android:authorities
		ADDED from AndroidManifest.xml:154:13
		INJECTED from AndroidManifest.xml:0:0
	android:exported
		ADDED from AndroidManifest.xml:155:13
	android:name
		ADDED from AndroidManifest.xml:153:13
	android:writePermission
		ADDED from AndroidManifest.xml:157:13
provider#com.aware.providers.Rotation_Provider
ADDED from AndroidManifest.xml:160:9
	android:readPermission
		ADDED from AndroidManifest.xml:164:13
	android:authorities
		ADDED from AndroidManifest.xml:162:13
		INJECTED from AndroidManifest.xml:0:0
	android:exported
		ADDED from AndroidManifest.xml:163:13
	android:name
		ADDED from AndroidManifest.xml:161:13
	android:writePermission
		ADDED from AndroidManifest.xml:165:13
provider#com.aware.providers.WiFi_Provider
ADDED from AndroidManifest.xml:168:9
	android:readPermission
		ADDED from AndroidManifest.xml:172:13
	android:authorities
		ADDED from AndroidManifest.xml:170:13
		INJECTED from AndroidManifest.xml:0:0
	android:exported
		ADDED from AndroidManifest.xml:171:13
	android:name
		ADDED from AndroidManifest.xml:169:13
	android:writePermission
		ADDED from AndroidManifest.xml:173:13
provider#com.aware.providers.Accelerometer_Provider
ADDED from AndroidManifest.xml:176:9
	android:readPermission
		ADDED from AndroidManifest.xml:180:13
	android:authorities
		ADDED from AndroidManifest.xml:178:13
		INJECTED from AndroidManifest.xml:0:0
	android:exported
		ADDED from AndroidManifest.xml:179:13
	android:name
		ADDED from AndroidManifest.xml:177:13
	android:writePermission
		ADDED from AndroidManifest.xml:181:13
provider#com.aware.providers.Gyroscope_Provider
ADDED from AndroidManifest.xml:184:9
	android:readPermission
		ADDED from AndroidManifest.xml:188:13
	android:authorities
		ADDED from AndroidManifest.xml:186:13
		INJECTED from AndroidManifest.xml:0:0
	android:exported
		ADDED from AndroidManifest.xml:187:13
	android:name
		ADDED from AndroidManifest.xml:185:13
	android:writePermission
		ADDED from AndroidManifest.xml:189:13
provider#com.aware.providers.Traffic_Provider
ADDED from AndroidManifest.xml:192:9
	android:readPermission
		ADDED from AndroidManifest.xml:196:13
	android:authorities
		ADDED from AndroidManifest.xml:194:13
		INJECTED from AndroidManifest.xml:0:0
	android:exported
		ADDED from AndroidManifest.xml:195:13
	android:name
		ADDED from AndroidManifest.xml:193:13
	android:writePermission
		ADDED from AndroidManifest.xml:197:13
provider#com.aware.providers.Mqtt_Provider
ADDED from AndroidManifest.xml:200:9
	android:readPermission
		ADDED from AndroidManifest.xml:204:13
	android:authorities
		ADDED from AndroidManifest.xml:202:13
		INJECTED from AndroidManifest.xml:0:0
	android:exported
		ADDED from AndroidManifest.xml:203:13
	android:name
		ADDED from AndroidManifest.xml:201:13
	android:writePermission
		ADDED from AndroidManifest.xml:205:13
provider#com.aware.providers.Processor_Provider
ADDED from AndroidManifest.xml:208:9
	android:readPermission
		ADDED from AndroidManifest.xml:212:13
	android:authorities
		ADDED from AndroidManifest.xml:210:13
		INJECTED from AndroidManifest.xml:0:0
	android:exported
		ADDED from AndroidManifest.xml:211:13
	android:name
		ADDED from AndroidManifest.xml:209:13
	android:writePermission
		ADDED from AndroidManifest.xml:213:13
provider#com.aware.providers.TimeZone_Provider
ADDED from AndroidManifest.xml:216:9
	android:readPermission
		ADDED from AndroidManifest.xml:220:13
	android:authorities
		ADDED from AndroidManifest.xml:218:13
		INJECTED from AndroidManifest.xml:0:0
	android:exported
		ADDED from AndroidManifest.xml:219:13
	android:name
		ADDED from AndroidManifest.xml:217:13
	android:writePermission
		ADDED from AndroidManifest.xml:221:13
provider#com.aware.providers.Battery_Provider
ADDED from AndroidManifest.xml:224:9
	android:readPermission
		ADDED from AndroidManifest.xml:228:13
	android:authorities
		ADDED from AndroidManifest.xml:226:13
		INJECTED from AndroidManifest.xml:0:0
	android:exported
		ADDED from AndroidManifest.xml:227:13
	android:name
		ADDED from AndroidManifest.xml:225:13
	android:writePermission
		ADDED from AndroidManifest.xml:229:13
provider#com.aware.providers.Screen_Provider
ADDED from AndroidManifest.xml:232:9
	android:readPermission
		ADDED from AndroidManifest.xml:236:13
	android:authorities
		ADDED from AndroidManifest.xml:234:13
		INJECTED from AndroidManifest.xml:0:0
	android:exported
		ADDED from AndroidManifest.xml:235:13
	android:name
		ADDED from AndroidManifest.xml:233:13
	android:writePermission
		ADDED from AndroidManifest.xml:237:13
provider#com.aware.providers.Network_Provider
ADDED from AndroidManifest.xml:240:9
	android:readPermission
		ADDED from AndroidManifest.xml:244:13
	android:authorities
		ADDED from AndroidManifest.xml:242:13
		INJECTED from AndroidManifest.xml:0:0
	android:exported
		ADDED from AndroidManifest.xml:243:13
	android:name
		ADDED from AndroidManifest.xml:241:13
	android:writePermission
		ADDED from AndroidManifest.xml:245:13
provider#com.aware.providers.Communication_Provider
ADDED from AndroidManifest.xml:248:9
	android:readPermission
		ADDED from AndroidManifest.xml:252:13
	android:authorities
		ADDED from AndroidManifest.xml:250:13
		INJECTED from AndroidManifest.xml:0:0
	android:exported
		ADDED from AndroidManifest.xml:251:13
	android:name
		ADDED from AndroidManifest.xml:249:13
	android:writePermission
		ADDED from AndroidManifest.xml:253:13
provider#com.aware.providers.Keyboard_Provider
ADDED from AndroidManifest.xml:256:9
	android:readPermission
		ADDED from AndroidManifest.xml:260:13
	android:authorities
		ADDED from AndroidManifest.xml:258:13
		INJECTED from AndroidManifest.xml:0:0
	android:exported
		ADDED from AndroidManifest.xml:259:13
	android:name
		ADDED from AndroidManifest.xml:257:13
	android:writePermission
		ADDED from AndroidManifest.xml:261:13
uses-feature#android.hardware.camera
ADDED from com.awareframework:aware-core:3.5.5:11:5
	android:name
		ADDED from com.awareframework:aware-core:3.5.5:11:19
uses-feature#android.hardware.camera.autofocus
ADDED from com.awareframework:aware-core:3.5.5:12:5
	android:name
		ADDED from com.awareframework:aware-core:3.5.5:12:19
uses-permission#com.aware.READ_CONTEXT_DATA
ADDED from com.awareframework:aware-core:3.5.5:46:5
	android:name
		ADDED from com.awareframework:aware-core:3.5.5:46:22
uses-permission#com.aware.WRITE_CONTEXT_DATA
ADDED from com.awareframework:aware-core:3.5.5:47:5
	android:name
		ADDED from com.awareframework:aware-core:3.5.5:47:22
uses-permission#android.permission.INTERNET
ADDED from com.awareframework:aware-core:3.5.5:49:5
MERGED from com.google.android.gms:play-services-ads:7.5.0:20:5
MERGED from com.google.android.gms:play-services-analytics:7.5.0:21:5
MERGED from com.google.android.gms:play-services-analytics:7.5.0:21:5
MERGED from com.google.android.gms:play-services-appinvite:7.5.0:19:5
MERGED from com.google.android.gms:play-services-maps:7.5.0:21:5
MERGED from com.google.android.gms:play-services-maps:7.5.0:21:5
MERGED from com.google.android.gms:play-services-maps:7.5.0:21:5
MERGED from com.google.android.gms:play-services-wallet:7.5.0:20:5
MERGED from com.google.android.gms:play-services-maps:7.5.0:21:5
	android:name
		ADDED from com.awareframework:aware-core:3.5.5:49:22
uses-permission#android.permission.ACCESS_NETWORK_STATE
ADDED from com.awareframework:aware-core:3.5.5:50:5
MERGED from com.google.android.gms:play-services-ads:7.5.0:21:5
MERGED from com.google.android.gms:play-services-analytics:7.5.0:22:5
MERGED from com.google.android.gms:play-services-analytics:7.5.0:22:5
MERGED from com.google.android.gms:play-services-maps:7.5.0:20:5
MERGED from com.google.android.gms:play-services-maps:7.5.0:20:5
MERGED from com.google.android.gms:play-services-maps:7.5.0:20:5
MERGED from com.google.android.gms:play-services-nearby:7.5.0:19:5
MERGED from com.google.android.gms:play-services-maps:7.5.0:20:5
	android:name
		ADDED from com.awareframework:aware-core:3.5.5:50:22
uses-permission#android.permission.WAKE_LOCK
ADDED from com.awareframework:aware-core:3.5.5:51:5
	android:name
		ADDED from com.awareframework:aware-core:3.5.5:51:22
meta-data#com.google.android.gms.version
ADDED from com.awareframework:aware-core:3.5.5:57:9
MERGED from com.google.android.gms:play-services-base:7.5.0:21:9
MERGED from com.google.android.gms:play-services-base:7.5.0:21:9
MERGED from com.google.android.gms:play-services-base:7.5.0:21:9
MERGED from com.google.android.gms:play-services-base:7.5.0:21:9
MERGED from com.google.android.gms:play-services-base:7.5.0:21:9
MERGED from com.google.android.gms:play-services-base:7.5.0:21:9
MERGED from com.google.android.gms:play-services-base:7.5.0:21:9
MERGED from com.google.android.gms:play-services-base:7.5.0:21:9
MERGED from com.google.android.gms:play-services-base:7.5.0:21:9
MERGED from com.google.android.gms:play-services-base:7.5.0:21:9
MERGED from com.google.android.gms:play-services-base:7.5.0:21:9
MERGED from com.google.android.gms:play-services-base:7.5.0:21:9
MERGED from com.google.android.gms:play-services-base:7.5.0:21:9
MERGED from com.google.android.gms:play-services-base:7.5.0:21:9
MERGED from com.google.android.gms:play-services-base:7.5.0:21:9
MERGED from com.google.android.gms:play-services-base:7.5.0:21:9
MERGED from com.google.android.gms:play-services-base:7.5.0:21:9
MERGED from com.google.android.gms:play-services-base:7.5.0:21:9
MERGED from com.google.android.gms:play-services-base:7.5.0:21:9
MERGED from com.google.android.gms:play-services-base:7.5.0:21:9
MERGED from com.google.android.gms:play-services-base:7.5.0:21:9
MERGED from com.google.android.gms:play-services-base:7.5.0:21:9
MERGED from com.google.android.gms:play-services-base:7.5.0:21:9